0 verbose cli /Users/ro9air/.nvm/versions/node/v22.20.0/bin/node /usr/local/bin/npm
1 info using npm@11.4.2
2 info using node@v22.20.0
3 silly config load:file:/usr/local/lib/node_modules/npm/npmrc
4 silly config load:file:/Users/ro9air/STOCK/.npmrc
5 silly config load:file:/Users/ro9air/.npmrc
6 silly config load:file:/Users/ro9air/.nvm/versions/node/v22.20.0/etc/npmrc
7 verbose title npm install pnpm
8 verbose argv "install" "pnpm"
9 verbose logfile logs-max:10 dir:/Users/ro9air/STOCK/.npm-cache/_logs/2026-03-30T07_35_33_054Z-
10 verbose logfile /Users/ro9air/STOCK/.npm-cache/_logs/2026-03-30T07_35_33_054Z-debug-0.log
11 silly logfile done cleaning log files
12 silly packumentCache heap:4345298944 maxSize:1086324736 maxEntrySize:543162368
13 silly idealTree buildDeps
14 silly fetch manifest pnpm@*
15 silly packumentCache full:https://registry.npmjs.org/pnpm cache-miss
16 http fetch GET 200 https://registry.npmjs.org/npm 1834ms
17 http fetch GET 200 https://registry.npmjs.org/pnpm 3704ms (cache miss)
18 silly packumentCache full:https://registry.npmjs.org/pnpm set size:undefined disposed:false
19 silly placeDep ROOT pnpm@10.33.0 OK for:  want: *
20 silly reify moves {}
21 http cache pnpm@https://registry.npmjs.org/pnpm/-/pnpm-10.33.0.tgz 0ms (cache hit)
22 silly tarball no local data for pnpm@https://registry.npmjs.org/pnpm/-/pnpm-10.33.0.tgz. Extracting by manifest.
23 http fetch GET 200 https://registry.npmjs.org/pnpm/-/pnpm-10.33.0.tgz 10713ms (cache miss)
24 silly ADD node_modules/pnpm
25 verbose cwd /Users/ro9air/STOCK
26 verbose os Darwin 25.3.0
27 verbose node v22.20.0
28 verbose npm  v11.4.2
29 notice
29 notice New [33mminor[39m version of npm available! [33m11.4.2[39m -> [34m11.12.1[39m
29 notice Changelog: [34mhttps://github.com/npm/cli/releases/tag/v11.12.1[39m
29 notice To update run: [4mnpm install -g npm@11.12.1[24m
29 notice  { force: true, [Symbol(proc-log.meta)]: true }
30 verbose exit 0
31 info ok
