::1 - - [01/Apr/2026 13:17:15] "GET /index.html HTTP/1.1" 200 -
::1 - - [01/Apr/2026 13:17:15] "GET /assets/dashboard.css HTTP/1.1" 200 -
::1 - - [01/Apr/2026 13:17:15] "GET /assets/dashboard.js HTTP/1.1" 200 -
::1 - - [01/Apr/2026 13:17:15] "GET /data/portfolio.json HTTP/1.1" 200 -
::1 - - [01/Apr/2026 13:17:15] code 404, message File not found
::1 - - [01/Apr/2026 13:17:15] "GET /data/tickers/undefined.analysis.json HTTP/1.1" 404 -
::1 - - [01/Apr/2026 13:17:51] "GET /research/MSFT.html HTTP/1.1" 200 -
::1 - - [01/Apr/2026 13:17:52] "GET /assets/dashboard.css HTTP/1.1" 304 -
::1 - - [01/Apr/2026 13:17:52] "GET /assets/dashboard.js HTTP/1.1" 304 -
::1 - - [01/Apr/2026 13:17:52] code 404, message File not found
::1 - - [01/Apr/2026 13:17:52] "GET /data/tickers/MSFT.json HTTP/1.1" 200 -
::1 - - [01/Apr/2026 13:17:52] "GET /data/tickers/undefined.analysis.json HTTP/1.1" 404 -
::1 - - [01/Apr/2026 13:17:53] "GET /data/portfolio.json HTTP/1.1" 304 -
::1 - - [01/Apr/2026 13:18:11] "GET /index.html HTTP/1.1" 304 -
::1 - - [01/Apr/2026 13:18:11] "GET /assets/dashboard.css HTTP/1.1" 304 -
::1 - - [01/Apr/2026 13:18:11] "GET /assets/dashboard.js HTTP/1.1" 304 -
::1 - - [01/Apr/2026 13:18:11] code 404, message File not found
::1 - - [01/Apr/2026 13:18:11] "GET /data/tickers/undefined.analysis.json HTTP/1.1" 404 -
::1 - - [01/Apr/2026 13:18:11] "GET /data/portfolio.json HTTP/1.1" 304 -
::1 - - [01/Apr/2026 13:19:44] "GET /tickers/PLTR.html HTTP/1.1" 200 -
::1 - - [01/Apr/2026 13:19:44] "GET /assets/dashboard.css HTTP/1.1" 304 -
::1 - - [01/Apr/2026 13:19:44] "GET /assets/dashboard.js HTTP/1.1" 304 -
::1 - - [01/Apr/2026 13:19:44] "GET /data/tickers/PLTR.json HTTP/1.1" 200 -
::1 - - [01/Apr/2026 13:19:44] "GET /data/tickers/PLTR.analysis.json HTTP/1.1" 200 -
::1 - - [01/Apr/2026 13:19:45] "GET /data/portfolio.json HTTP/1.1" 304 -
::1 - - [01/Apr/2026 13:26:19] "GET /index.html HTTP/1.1" 304 -
::1 - - [01/Apr/2026 13:26:19] "GET /assets/dashboard.js HTTP/1.1" 304 -
::1 - - [01/Apr/2026 13:26:19] "GET /assets/dashboard.css HTTP/1.1" 304 -
::1 - - [01/Apr/2026 13:26:19] code 404, message File not found
::1 - - [01/Apr/2026 13:26:19] "GET /data/tickers/undefined.analysis.json HTTP/1.1" 404 -
::1 - - [01/Apr/2026 13:26:19] "GET /data/portfolio.json HTTP/1.1" 304 -
::1 - - [01/Apr/2026 13:33:39] "GET / HTTP/1.1" 200 -
::1 - - [01/Apr/2026 13:33:39] "GET /assets/dashboard.js HTTP/1.1" 200 -
::1 - - [01/Apr/2026 13:33:39] "GET /assets/dashboard.css HTTP/1.1" 200 -
::1 - - [01/Apr/2026 13:33:39] "GET /data/portfolio.json HTTP/1.1" 200 -
::1 - - [01/Apr/2026 13:33:39] code 404, message File not found
::1 - - [01/Apr/2026 13:33:39] "GET /data/tickers/undefined.analysis.json HTTP/1.1" 404 -
::1 - - [01/Apr/2026 13:34:45] "GET /tickers/PLTR.html HTTP/1.1" 200 -
::1 - - [01/Apr/2026 13:34:45] "GET /assets/dashboard.js HTTP/1.1" 304 -
::1 - - [01/Apr/2026 13:34:45] "GET /assets/dashboard.css HTTP/1.1" 304 -
::1 - - [01/Apr/2026 13:34:45] "GET /data/tickers/PLTR.json HTTP/1.1" 200 -
::1 - - [01/Apr/2026 13:34:45] "GET /data/tickers/PLTR.analysis.json HTTP/1.1" 200 -
::1 - - [01/Apr/2026 13:34:46] "GET /data/portfolio.json HTTP/1.1" 304 -
::1 - - [01/Apr/2026 13:37:21] "GET /index.html HTTP/1.1" 200 -
::1 - - [01/Apr/2026 13:37:21] "GET /assets/dashboard.css HTTP/1.1" 200 -
::1 - - [01/Apr/2026 13:37:21] "GET /assets/dashboard.js HTTP/1.1" 200 -
::1 - - [01/Apr/2026 13:37:21] code 404, message File not found
::1 - - [01/Apr/2026 13:37:21] "GET /data/tickers/undefined.analysis.json HTTP/1.1" 404 -
::1 - - [01/Apr/2026 13:37:21] "GET /data/portfolio.json HTTP/1.1" 200 -
::1 - - [01/Apr/2026 13:37:45] "GET /index.html HTTP/1.1" 304 -
::1 - - [01/Apr/2026 13:37:45] "GET /assets/dashboard.css HTTP/1.1" 304 -
::1 - - [01/Apr/2026 13:37:45] "GET /assets/dashboard.js HTTP/1.1" 304 -
::1 - - [01/Apr/2026 13:37:45] code 404, message File not found
::1 - - [01/Apr/2026 13:37:45] "GET /data/tickers/undefined.analysis.json HTTP/1.1" 404 -
::1 - - [01/Apr/2026 13:37:45] "GET /data/portfolio.json HTTP/1.1" 304 -
::1 - - [01/Apr/2026 13:37:52] "GET /research/MSFT.html HTTP/1.1" 200 -
::1 - - [01/Apr/2026 13:37:52] code 404, message File not found
::1 - - [01/Apr/2026 13:37:52] "GET /data/tickers/undefined.analysis.json HTTP/1.1" 404 -
::1 - - [01/Apr/2026 13:37:52] "GET /data/tickers/MSFT.json HTTP/1.1" 200 -
::1 - - [01/Apr/2026 13:37:55] code 404, message File not found
::1 - - [01/Apr/2026 13:37:55] "GET /data/tickers/undefined.analysis.json HTTP/1.1" 404 -
::1 - - [01/Apr/2026 13:37:59] "GET /tickers/MSFT.html HTTP/1.1" 200 -
::1 - - [01/Apr/2026 13:37:59] "GET /data/tickers/MSFT.analysis.json HTTP/1.1" 200 -
::1 - - [01/Apr/2026 13:40:26] "GET /tickers/PLTR.html HTTP/1.1" 304 -
::1 - - [01/Apr/2026 13:40:26] "GET /assets/dashboard.css HTTP/1.1" 304 -
::1 - - [01/Apr/2026 13:40:26] "GET /assets/dashboard.js HTTP/1.1" 304 -
::1 - - [01/Apr/2026 13:40:26] "GET /data/tickers/PLTR.json HTTP/1.1" 304 -
::1 - - [01/Apr/2026 13:40:26] "GET /data/tickers/PLTR.analysis.json HTTP/1.1" 304 -
::1 - - [01/Apr/2026 13:40:26] "GET /data/portfolio.json HTTP/1.1" 304 -
::1 - - [01/Apr/2026 13:42:47] "GET /index.html HTTP/1.1" 200 -
::1 - - [01/Apr/2026 13:42:47] "GET /assets/dashboard.css HTTP/1.1" 200 -
::1 - - [01/Apr/2026 13:42:47] "GET /assets/dashboard.js HTTP/1.1" 200 -
::1 - - [01/Apr/2026 13:42:47] code 404, message File not found
::1 - - [01/Apr/2026 13:42:47] "GET /data/tickers/undefined.analysis.json HTTP/1.1" 404 -
::1 - - [01/Apr/2026 13:42:47] "GET /data/portfolio.json HTTP/1.1" 200 -
::1 - - [01/Apr/2026 13:42:59] "GET /tickers/PLTR.html HTTP/1.1" 200 -
::1 - - [01/Apr/2026 13:42:59] "GET /assets/dashboard.css HTTP/1.1" 304 -
::1 - - [01/Apr/2026 13:42:59] "GET /assets/dashboard.js HTTP/1.1" 304 -
::1 - - [01/Apr/2026 13:42:59] "GET /data/tickers/PLTR.json HTTP/1.1" 200 -
::1 - - [01/Apr/2026 13:42:59] "GET /data/tickers/PLTR.analysis.json HTTP/1.1" 304 -
::1 - - [01/Apr/2026 13:43:00] "GET /data/portfolio.json HTTP/1.1" 304 -
::1 - - [01/Apr/2026 13:44:23] "GET /index.html HTTP/1.1" 304 -
::1 - - [01/Apr/2026 13:44:23] "GET /assets/dashboard.css HTTP/1.1" 304 -
::1 - - [01/Apr/2026 13:44:23] "GET /assets/dashboard.js HTTP/1.1" 304 -
::1 - - [01/Apr/2026 13:44:23] code 404, message File not found
::1 - - [01/Apr/2026 13:44:23] "GET /data/tickers/undefined.analysis.json HTTP/1.1" 404 -
::1 - - [01/Apr/2026 13:44:23] "GET /data/portfolio.json HTTP/1.1" 304 -
::1 - - [01/Apr/2026 13:45:50] "GET /tickers/PLTR.html HTTP/1.1" 304 -
::1 - - [01/Apr/2026 13:45:50] "GET /assets/dashboard.css HTTP/1.1" 304 -
::1 - - [01/Apr/2026 13:45:50] "GET /assets/dashboard.js HTTP/1.1" 304 -
::1 - - [01/Apr/2026 13:45:50] "GET /data/tickers/PLTR.analysis.json HTTP/1.1" 304 -
::1 - - [01/Apr/2026 13:45:50] "GET /data/tickers/PLTR.json HTTP/1.1" 304 -
::1 - - [01/Apr/2026 13:45:51] "GET /data/portfolio.json HTTP/1.1" 304 -
::1 - - [01/Apr/2026 13:46:31] "GET /tickers/PLTR.html HTTP/1.1" 304 -
::1 - - [01/Apr/2026 13:46:31] "GET /assets/dashboard.css HTTP/1.1" 304 -
::1 - - [01/Apr/2026 13:46:31] "GET /assets/dashboard.js HTTP/1.1" 304 -
::1 - - [01/Apr/2026 13:46:31] "GET /data/tickers/PLTR.json HTTP/1.1" 304 -
::1 - - [01/Apr/2026 13:46:32] "GET /tickers/PLTR.html HTTP/1.1" 304 -
::1 - - [01/Apr/2026 13:46:33] "GET /data/portfolio.json HTTP/1.1" 304 -
::1 - - [01/Apr/2026 13:49:13] "GET /tickers/PLTR.html HTTP/1.1" 200 -
::1 - - [01/Apr/2026 13:49:13] "GET /assets/dashboard.css HTTP/1.1" 200 -
::1 - - [01/Apr/2026 13:49:13] "GET /assets/dashboard.js HTTP/1.1" 200 -
::1 - - [01/Apr/2026 13:49:13] "GET /data/tickers/PLTR.analysis.json HTTP/1.1" 304 -
::1 - - [01/Apr/2026 13:49:13] "GET /data/tickers/PLTR.json HTTP/1.1" 200 -
::1 - - [01/Apr/2026 13:49:14] "GET /data/portfolio.json HTTP/1.1" 200 -
::1 - - [01/Apr/2026 13:56:04] "GET /tickers/MSFT.html HTTP/1.1" 200 -
::1 - - [01/Apr/2026 13:56:05] "GET /assets/dashboard.css HTTP/1.1" 200 -
::1 - - [01/Apr/2026 13:56:05] "GET /assets/dashboard.js HTTP/1.1" 200 -
::1 - - [01/Apr/2026 13:56:05] "GET /data/tickers/MSFT.json HTTP/1.1" 200 -
::1 - - [01/Apr/2026 13:56:05] "GET /data/tickers/MSFT.analysis.json HTTP/1.1" 304 -
::1 - - [01/Apr/2026 13:56:05] "GET /data/portfolio.json HTTP/1.1" 200 -
::1 - - [01/Apr/2026 13:56:08] "GET /index.html HTTP/1.1" 200 -
::1 - - [01/Apr/2026 13:56:08] code 404, message File not found
::1 - - [01/Apr/2026 13:56:08] "GET /data/tickers/undefined.analysis.json HTTP/1.1" 404 -
::1 - - [01/Apr/2026 13:56:52] "GET /index.html HTTP/1.1" 304 -
::1 - - [01/Apr/2026 13:56:52] code 404, message File not found
::1 - - [01/Apr/2026 13:56:52] "GET /data/tickers/undefined.analysis.json HTTP/1.1" 404 -
::ffff:127.0.0.1 - - [01/Apr/2026 14:57:46] "GET /index.html HTTP/1.1" 200 -
::ffff:127.0.0.1 - - [01/Apr/2026 14:57:46] "GET /assets/dashboard.css HTTP/1.1" 200 -
::ffff:127.0.0.1 - - [01/Apr/2026 14:57:46] "GET /assets/dashboard.js HTTP/1.1" 200 -
::ffff:127.0.0.1 - - [01/Apr/2026 14:57:46] "GET /data/portfolio.json HTTP/1.1" 200 -
::ffff:127.0.0.1 - - [01/Apr/2026 14:57:46] code 404, message File not found
::ffff:127.0.0.1 - - [01/Apr/2026 14:57:46] "GET /data/tickers/undefined.analysis.json HTTP/1.1" 404 -
::1 - - [01/Apr/2026 15:00:39] code 404, message File not found
::1 - - [01/Apr/2026 15:00:39] "GET /docs HTTP/1.1" 404 -
::1 - - [01/Apr/2026 15:00:39] code 404, message File not found
::1 - - [01/Apr/2026 15:00:39] "GET /favicon.ico HTTP/1.1" 404 -
::1 - - [01/Apr/2026 15:01:49] code 404, message File not found
::1 - - [01/Apr/2026 15:01:49] "GET /docs HTTP/1.1" 404 -
::1 - - [01/Apr/2026 17:24:19] code 404, message File not found
::1 - - [01/Apr/2026 17:24:19] "GET /docs HTTP/1.1" 404 -
